<?xml version="1.0" encoding="utf-8"?><testsuites><testsuite name="pytest" errors="0" failures="0" skipped="0" tests="14" time="0.919" timestamp="2023-09-25T21:11:05.865617" hostname="Hashimov"><testcase classname="tests.unit.repository.test_invesment_repository" name="test_get_all_active_stocks" time="0.056" /><testcase classname="tests.unit.repository.test_invesment_repository" name="test_get_one_stock" time="0.033" /><testcase classname="tests.unit.repository.test_invesment_repository" name="test_get_user_transactions" time="0.038" /><testcase classname="tests.unit.repository.test_invesment_repository" name="test_create_new_transaction_and_decrease_balance" time="0.035" /><testcase classname="tests.unit.repository.test_invesment_repository" name="test_get_most_profitable_clients" time="0.039" /><testcase classname="tests.unit.repository.test_user_repository" name="test_get_user_by_username" time="0.034" /><testcase classname="tests.unit.services.test_investment_service" name="test_get_all_active_stocks" time="0.051" /><testcase classname="tests.unit.services.test_investment_service" name="test_get_user_transaction" time="0.012" /><testcase classname="tests.unit.services.test_investment_service" name="test_create_new_transaction" time="0.007" /><testcase classname="tests.unit.services.test_investment_service" name="test_get_most_profitable_user" time="0.005" /><testcase classname="tests.unit.utils.test_token_hash" name="test_create_access_token" time="0.002" /><testcase classname="tests.unit.utils.test_token_hash" name="test_verify_token" time="0.001" /><testcase classname="tests.unit.utils.test_token_hash" name="test_verify_token_invalid_token" time="0.001" /><testcase classname="tests.unit.utils.test_token_hash" name="test_verify_token_expired_token" time="0.003" /></testsuite></testsuites>