<?xml version="1.0" encoding="utf-8"?><testsuites><testsuite name="pytest" errors="0" failures="0" skipped="0" tests="6" time="0.784" timestamp="2023-09-25T19:43:44.981800" hostname="Hashimov"><testcase classname="tests.unit.repository.test_invesment_repository" name="test_get_all_active_stocks" time="0.056" /><testcase classname="tests.unit.repository.test_invesment_repository" name="test_get_one_stock" time="0.032" /><testcase classname="tests.unit.repository.test_invesment_repository" name="test_get_user_transactions" time="0.041" /><testcase classname="tests.unit.repository.test_invesment_repository" name="test_create_new_transaction_and_decrease_balance" time="0.037" /><testcase classname="tests.unit.repository.test_invesment_repository" name="test_get_most_profitable_clients" time="0.046" /><testcase classname="tests.unit.repository.test_user_repository" name="test_get_user_by_username" time="0.035" /></testsuite></testsuites>