<?xml version="1.0" encoding="utf-8"?><testsuites><testsuite name="pytest" errors="0" failures="0" skipped="0" tests="10" time="0.969" timestamp="2023-09-25T20:24:53.665289" hostname="Hashimov"><testcase classname="tests.unit.repository.test_invesment_repository" name="test_get_all_active_stocks" time="0.065" /><testcase classname="tests.unit.repository.test_invesment_repository" name="test_get_one_stock" time="0.033" /><testcase classname="tests.unit.repository.test_invesment_repository" name="test_get_user_transactions" time="0.082" /><testcase classname="tests.unit.repository.test_invesment_repository" name="test_create_new_transaction_and_decrease_balance" time="0.044" /><testcase classname="tests.unit.repository.test_invesment_repository" name="test_get_most_profitable_clients" time="0.039" /><testcase classname="tests.unit.repository.test_user_repository" name="test_get_user_by_username" time="0.031" /><testcase classname="tests.unit.services.test_investment_service" name="test_get_all_active_stocks" time="0.019" /><testcase classname="tests.unit.services.test_investment_service" name="test_get_user_transaction" time="0.008" /><testcase classname="tests.unit.services.test_investment_service" name="test_create_new_transaction" time="0.010" /><testcase classname="tests.unit.services.test_investment_service" name="test_get_most_profitable_user" time="0.008" /></testsuite></testsuites>